<?xml version="1.0" encoding="UTF-8"?>
<!-- Generated by org.testng.reporters.JUnitXMLReporter -->
<testsuite ignored="0" hostname="Burak-MBP.attlocal.net" failures="0" tests="6" name="All Functionalities" time="50.519" errors="0" timestamp="14 Jan 2022 07:18:13 GMT">
  <testcase classname="CarvanaTest" name="ValidateCarvanaHomePageTitleAndUrl" time="2.484"/>
  <testcase classname="CarvanaTest" name="validateTheCarvanaLogo" time="4.175"/>
  <testcase classname="CarvanaTest" name="validateTheMainNavigationSectionItems" time="2.984"/>
  <testcase classname="CarvanaTest" name="validateTheCarvanaSignIn" time="4.214"/>
  <testcase classname="CarvanaTest" name="validateTheeSarchFilterOptionsAndSearchButton" time="9.596"/>
  <testcase classname="CarvanaTest" name="validateTheSearchResultTiles" time="14.673"/>
</testsuite> <!-- All Functionalities -->
