<?xml version="1.0" encoding="UTF-8"?>
<!-- Generated by org.testng.reporters.JUnitXMLReporter -->
<testsuite ignored="0" hostname="Burak-MBP.attlocal.net" failures="0" tests="6" name="All Functionalities" time="55.374" errors="0" timestamp="15 Jan 2022 04:10:55 GMT">
  <testcase classname="CarvanaTest" name="ValidateCarvanaHomePageTitleAndUrl" time="2.801"/>
  <testcase classname="CarvanaTest" name="validateTheCarvanaLogo" time="4.297"/>
  <testcase classname="CarvanaTest" name="validateTheMainNavigationSectionItems" time="3.041"/>
  <testcase classname="CarvanaTest" name="validateTheSignInErrorMessage" time="4.54"/>
  <testcase classname="CarvanaTest" name="validateTheSearchFilterOptionsAndSearchButton" time="9.018"/>
  <testcase classname="CarvanaTest" name="validateTheSearchResultTiles" time="14.661"/>
</testsuite> <!-- All Functionalities -->
