<?xml version="1.0" encoding="UTF-8"?>
<testsuite xmlns:xsi="http://www.w3.org/2001/XMLSchema-instance" xsi:noNamespaceSchemaLocation="https://maven.apache.org/surefire/maven-surefire-plugin/xsd/surefire-test-report.xsd" name="TestSuite" time="57.814" tests="6" errors="0" skipped="0" failures="0">
  <properties>
[...]
</properties>
  <testcase name="ValidateCarvanaHomePageTitleAndUrl" classname="CarvanaTest" time="2.225"/>
  <testcase name="validateTheCarvanaLogo" classname="CarvanaTest" time="4.184"/>
  <testcase name="validateTheMainNavigationSectionItems" classname="CarvanaTest" time="3.001"/>
  <testcase name="validateTheCarvanaSignIn" classname="CarvanaTest" time="4.26"/>
  <testcase name="validateTheeSarchFilterOptionsAndSearchButton" classname="CarvanaTest" time="9.271"/>
  <testcase name="validateTheSearchResultTiles" classname="CarvanaTest" time="15.494"/>
</testsuite>