<?xml version="1.0" encoding="UTF-8"?>
<testng-results ignored="0" total="6" passed="6" failed="0" skipped="0">
  <reporter-output>
  </reporter-output>
  <suite started-at="2022-01-14T07:17:22Z" name="Regression" finished-at="2022-01-14T07:18:13Z" duration-ms="50519">
    <groups>
    </groups>
    <test started-at="2022-01-14T07:17:22Z" name="All Functionalities" finished-at="2022-01-14T07:18:13Z" duration-ms="50519">
      <class name="CarvanaTest">
        <test-method is-config="true" signature="setUp()[pri:0, instance:CarvanaTest@2aa5fe93]" started-at="2022-01-14T07:17:22Z" name="setUp" finished-at="2022-01-14T07:17:24Z" duration-ms="2122" status="PASS">
          <reporter-output>
          </reporter-output>
        </test-method> <!-- setUp -->
        <test-method signature="ValidateCarvanaHomePageTitleAndUrl()[pri:1, instance:CarvanaTest@2aa5fe93]" started-at="2022-01-14T07:17:24Z" name="ValidateCarvanaHomePageTitleAndUrl" finished-at="2022-01-14T07:17:27Z" duration-ms="2484" status="PASS">
          <reporter-output>
          </reporter-output>
        </test-method> <!-- ValidateCarvanaHomePageTitleAndUrl -->
        <test-method is-config="true" signature="tearDown()[pri:0, instance:CarvanaTest@2aa5fe93]" started-at="2022-01-14T07:17:27Z" name="tearDown" finished-at="2022-01-14T07:17:27Z" duration-ms="373" status="PASS">
          <reporter-output>
          </reporter-output>
        </test-method> <!-- tearDown -->
        <test-method is-config="true" signature="setUp()[pri:0, instance:CarvanaTest@2aa5fe93]" started-at="2022-01-14T07:17:27Z" name="setUp" finished-at="2022-01-14T07:17:29Z" duration-ms="1520" status="PASS">
          <reporter-output>
          </reporter-output>
        </test-method> <!-- setUp -->
        <test-method signature="validateTheCarvanaLogo()[pri:2, instance:CarvanaTest@2aa5fe93]" started-at="2022-01-14T07:17:29Z" name="validateTheCarvanaLogo" finished-at="2022-01-14T07:17:33Z" duration-ms="4175" status="PASS">
          <reporter-output>
          </reporter-output>
        </test-method> <!-- validateTheCarvanaLogo -->
        <test-method is-config="true" signature="tearDown()[pri:0, instance:CarvanaTest@2aa5fe93]" started-at="2022-01-14T07:17:33Z" name="tearDown" finished-at="2022-01-14T07:17:33Z" duration-ms="242" status="PASS">
          <reporter-output>
          </reporter-output>
        </test-method> <!-- tearDown -->
        <test-method is-config="true" signature="setUp()[pri:0, instance:CarvanaTest@2aa5fe93]" started-at="2022-01-14T07:17:33Z" name="setUp" finished-at="2022-01-14T07:17:34Z" duration-ms="1434" status="PASS">
          <reporter-output>
          </reporter-output>
        </test-method> <!-- setUp -->
        <test-method signature="validateTheMainNavigationSectionItems()[pri:3, instance:CarvanaTest@2aa5fe93]" started-at="2022-01-14T07:17:34Z" name="validateTheMainNavigationSectionItems" finished-at="2022-01-14T07:17:37Z" duration-ms="2984" status="PASS">
          <reporter-output>
          </reporter-output>
        </test-method> <!-- validateTheMainNavigationSectionItems -->
        <test-method is-config="true" signature="tearDown()[pri:0, instance:CarvanaTest@2aa5fe93]" started-at="2022-01-14T07:17:37Z" name="tearDown" finished-at="2022-01-14T07:17:38Z" duration-ms="240" status="PASS">
          <reporter-output>
          </reporter-output>
        </test-method> <!-- tearDown -->
        <test-method is-config="true" signature="setUp()[pri:0, instance:CarvanaTest@2aa5fe93]" started-at="2022-01-14T07:17:38Z" name="setUp" finished-at="2022-01-14T07:17:39Z" duration-ms="1442" status="PASS">
          <reporter-output>
          </reporter-output>
        </test-method> <!-- setUp -->
        <test-method signature="validateTheCarvanaSignIn()[pri:4, instance:CarvanaTest@2aa5fe93]" started-at="2022-01-14T07:17:39Z" name="validateTheCarvanaSignIn" finished-at="2022-01-14T07:17:43Z" duration-ms="4214" status="PASS">
          <reporter-output>
          </reporter-output>
        </test-method> <!-- validateTheCarvanaSignIn -->
        <test-method is-config="true" signature="tearDown()[pri:0, instance:CarvanaTest@2aa5fe93]" started-at="2022-01-14T07:17:43Z" name="tearDown" finished-at="2022-01-14T07:17:44Z" duration-ms="287" status="PASS">
          <reporter-output>
          </reporter-output>
        </test-method> <!-- tearDown -->
        <test-method is-config="true" signature="setUp()[pri:0, instance:CarvanaTest@2aa5fe93]" started-at="2022-01-14T07:17:44Z" name="setUp" finished-at="2022-01-14T07:17:45Z" duration-ms="1432" status="PASS">
          <reporter-output>
          </reporter-output>
        </test-method> <!-- setUp -->
        <test-method signature="validateTheeSarchFilterOptionsAndSearchButton()[pri:5, instance:CarvanaTest@2aa5fe93]" started-at="2022-01-14T07:17:45Z" name="validateTheeSarchFilterOptionsAndSearchButton" finished-at="2022-01-14T07:17:55Z" duration-ms="9596" status="PASS">
          <reporter-output>
          </reporter-output>
        </test-method> <!-- validateTheeSarchFilterOptionsAndSearchButton -->
        <test-method is-config="true" signature="tearDown()[pri:0, instance:CarvanaTest@2aa5fe93]" started-at="2022-01-14T07:17:55Z" name="tearDown" finished-at="2022-01-14T07:17:56Z" duration-ms="1511" status="PASS">
          <reporter-output>
          </reporter-output>
        </test-method> <!-- tearDown -->
        <test-method is-config="true" signature="setUp()[pri:0, instance:CarvanaTest@2aa5fe93]" started-at="2022-01-14T07:17:56Z" name="setUp" finished-at="2022-01-14T07:17:58Z" duration-ms="1357" status="PASS">
          <reporter-output>
          </reporter-output>
        </test-method> <!-- setUp -->
        <test-method signature="validateTheSearchResultTiles()[pri:6, instance:CarvanaTest@2aa5fe93]" started-at="2022-01-14T07:17:58Z" name="validateTheSearchResultTiles" finished-at="2022-01-14T07:18:12Z" duration-ms="14673" status="PASS">
          <reporter-output>
          </reporter-output>
        </test-method> <!-- validateTheSearchResultTiles -->
        <test-method is-config="true" signature="tearDown()[pri:0, instance:CarvanaTest@2aa5fe93]" started-at="2022-01-14T07:18:12Z" name="tearDown" finished-at="2022-01-14T07:18:13Z" duration-ms="420" status="PASS">
          <reporter-output>
          </reporter-output>
        </test-method> <!-- tearDown -->
      </class> <!-- CarvanaTest -->
    </test> <!-- All Functionalities -->
  </suite> <!-- Regression -->
</testng-results>
